{"C:\\Users\\raman\\OneDrive\\Desktop\\Project S\\Project-S\\backend\\src\\utils\\pinGeneration.js": {"path":"C:\\Users\\raman\\OneDrive\\Desktop\\Project S\\Project-S\\backend\\src\\utils\\pinGeneration.js","all":false,"statementMap":{"0":{"start":{"line":1,"column":0},"end":{"line":1,"column":22}},"1":{"start":{"line":2,"column":0},"end":{"line":2,"column":30}},"2":{"start":{"line":3,"column":0},"end":{"line":3,"column":43}},"3":{"start":{"line":4,"column":0},"end":{"line":4,"column":40}},"4":{"start":{"line":5,"column":0},"end":{"line":5,"column":4}},"5":{"start":{"line":6,"column":0},"end":{"line":6,"column":13}},"6":{"start":{"line":7,"column":0},"end":{"line":7,"column":79}},"7":{"start":{"line":8,"column":0},"end":{"line":8,"column":13}},"8":{"start":{"line":9,"column":0},"end":{"line":9,"column":1}},"9":{"start":{"line":10,"column":0},"end":{"line":10,"column":35}}},"s":{"0":1,"1":1,"2":3,"3":3,"4":3,"5":3,"6":3,"7":3,"8":3,"9":1},"branchMap":{"0":{"type":"branch","line":2,"loc":{"start":{"line":2,"column":23},"end":{"line":9,"column":1}},"locations":[{"start":{"line":2,"column":23},"end":{"line":9,"column":1}}]},"1":{"type":"branch","line":7,"loc":{"start":{"line":7,"column":29},"end":{"line":7,"column":53}},"locations":[{"start":{"line":7,"column":29},"end":{"line":7,"column":53}}]},"2":{"type":"branch","line":7,"loc":{"start":{"line":7,"column":53},"end":{"line":7,"column":78}},"locations":[{"start":{"line":7,"column":53},"end":{"line":7,"column":78}}]}},"b":{"0":[3],"1":[1],"2":[2]},"fnMap":{"0":{"name":"pinGeneration","decl":{"start":{"line":2,"column":23},"end":{"line":9,"column":1}},"loc":{"start":{"line":2,"column":23},"end":{"line":9,"column":1}},"line":2}},"f":{"0":3}}
}
