TN:
SF:src\models\user.js
FN:26,validate
FN:35,validate
FN:65,Object.<anonymous>.userSchema.methods.getJWT
FN:80,Object.<anonymous>.userSchema.methods.comparePassword
FNF:4
FNH:0
FNDA:0,validate
FNDA:0,validate
FNDA:0,Object.<anonymous>.userSchema.methods.getJWT
FNDA:0,Object.<anonymous>.userSchema.methods.comparePassword
DA:1,1
DA:2,1
DA:3,1
DA:4,1
DA:5,1
DA:6,1
DA:7,1
DA:8,1
DA:9,1
DA:10,1
DA:11,1
DA:12,1
DA:13,1
DA:14,1
DA:15,1
DA:16,1
DA:17,1
DA:18,1
DA:19,1
DA:20,1
DA:21,1
DA:22,1
DA:23,1
DA:24,1
DA:25,1
DA:26,1
DA:27,0
DA:28,0
DA:29,0
DA:30,0
DA:31,1
DA:32,1
DA:33,1
DA:34,1
DA:35,1
DA:36,0
DA:37,0
DA:38,0
DA:39,0
DA:40,1
DA:41,1
DA:42,1
DA:43,1
DA:44,1
DA:45,1
DA:46,1
DA:47,1
DA:48,1
DA:49,1
DA:50,1
DA:51,1
DA:52,1
DA:53,1
DA:54,1
DA:55,1
DA:56,1
DA:57,1
DA:58,1
DA:59,0
DA:60,0
DA:61,0
DA:62,0
DA:63,1
DA:64,1
DA:65,1
DA:66,0
DA:67,0
DA:68,0
DA:69,0
DA:70,0
DA:71,0
DA:72,0
DA:73,0
DA:74,0
DA:75,0
DA:76,0
DA:77,0
DA:78,0
DA:79,1
DA:80,1
DA:81,0
DA:82,0
DA:83,1
DA:84,1
DA:85,1
DA:86,1
LF:86
LH:59
BRF:0
BRH:0
end_of_record
TN:
SF:src\repositories\userRepo.js
FN:4,createUser
FN:18,getUserByEmail
FN:29,findExistedUser
FNF:3
FNH:1
FNDA:1,createUser
FNDA:0,getUserByEmail
FNDA:0,findExistedUser
DA:1,1
DA:2,1
DA:3,1
DA:4,1
DA:5,1
DA:6,1
DA:7,1
DA:8,1
DA:9,1
DA:10,1
DA:11,1
DA:12,1
DA:13,1
DA:14,0
DA:15,0
DA:16,1
DA:17,1
DA:18,1
DA:19,0
DA:20,0
DA:21,0
DA:22,0
DA:23,0
DA:24,0
DA:25,0
DA:26,0
DA:27,0
DA:28,0
DA:29,1
DA:30,0
DA:31,0
DA:32,0
DA:33,0
DA:34,0
DA:35,1
DA:36,1
DA:37,1
DA:38,1
DA:39,1
DA:40,1
LF:40
LH:23
BRDA:4,0,0,1
BRDA:13,1,0,0
BRF:2
BRH:1
end_of_record
TN:
SF:src\utils\ApiError.js
FN:2,ApiError
FNF:1
FNH:0
FNDA:0,ApiError
DA:1,1
DA:2,1
DA:3,0
DA:4,0
DA:5,0
DA:6,0
DA:7,0
DA:8,0
DA:9,0
DA:10,0
DA:11,0
DA:12,0
DA:13,0
DA:14,0
DA:15,0
DA:16,0
DA:17,0
DA:18,0
DA:19,0
DA:20,0
DA:21,0
DA:22,1
DA:23,1
DA:24,1
DA:25,1
LF:25
LH:6
BRF:0
BRH:0
end_of_record
TN:
SF:src\utils\pinGeneration.js
FN:2,pinGeneration
FNF:1
FNH:1
FNDA:3,pinGeneration
DA:1,1
DA:2,1
DA:3,3
DA:4,3
DA:5,3
DA:6,3
DA:7,3
DA:8,3
DA:9,3
DA:10,1
LF:10
LH:10
BRDA:2,0,0,3
BRDA:7,1,0,0
BRF:2
BRH:1
end_of_record
